# JRE version: OpenJDK Runtime Environment (8.0_202-b03) (build 1.8.0_202-release-1483-b03)
# Java VM: OpenJDK 64-Bit Server VM (25.202-b03 mixed mode windows-amd64 compressed oops)
Heap:
 PSYoungGen      total 456192K, used 161712K [0x00000000e0000000, 0x00000000ffa00000, 0x0000000100000000)
  eden space 393728K, 37% used [0x00000000e0000000,0x00000000e919c320,0x00000000f8080000)
  from space 62464K, 20% used [0x00000000f8080000,0x00000000f8cd0070,0x00000000fbd80000)
  to   space 59904K, 0% used [0x00000000fbf80000,0x00000000fbf80000,0x00000000ffa00000)
 ParOldGen       total 436224K, used 287786K [0x00000000a0000000, 0x00000000baa00000, 0x00000000e0000000)
  object space 436224K, 65% used [0x00000000a0000000,0x00000000b190ab70,0x00000000baa00000)
 Metaspace       used 116388K, capacity 124888K, committed 125132K, reserved 1159168K
  class space    used 14645K, capacity 16107K, committed 16128K, reserved 1048576K
GC Heap History (10 events):
Event: 3262.119 GC heap before
{Heap before GC invocations=51 (full 4):
 PSYoungGen      total 441856K, used 398023K [0x00000000e0000000, 0x00000000ff580000, 0x0000000100000000)
  eden space 380416K, 100% used [0x00000000e0000000,0x00000000f7380000,0x00000000f7380000)
  from space 61440K, 28% used [0x00000000fb980000,0x00000000fcab1d40,0x00000000ff580000)
  to   space 66560K, 0% used [0x00000000f7380000,0x00000000f7380000,0x00000000fb480000)
 ParOldGen       total 436224K, used 287752K [0x00000000a0000000, 0x00000000baa00000, 0x00000000e0000000)
  object space 436224K, 65% used [0x00000000a0000000,0x00000000b1902390,0x00000000baa00000)
 Metaspace       used 115315K, capacity 122744K, committed 122828K, reserved 1157120K
  class space    used 14496K, capacity 15841K, committed 15872K, reserved 1048576K
Event: 3262.134 GC heap after
Heap after GC invocations=51 (full 4):
 PSYoungGen      total 446976K, used 40845K [0x00000000e0000000, 0x0000000100000000, 0x0000000100000000)
  eden space 380416K, 0% used [0x00000000e0000000,0x00000000e0000000,0x00000000f7380000)
  from space 66560K, 61% used [0x00000000f7380000,0x00000000f9b634a8,0x00000000fb480000)
  to   space 69120K, 0% used [0x00000000fbc80000,0x00000000fbc80000,0x0000000100000000)
 ParOldGen       total 436224K, used 287760K [0x00000000a0000000, 0x00000000baa00000, 0x00000000e0000000)
  object space 436224K, 65% used [0x00000000a0000000,0x00000000b1904390,0x00000000baa00000)
 Metaspace       used 115315K, capacity 122744K, committed 122828K, reserved 1157120K
  class space    used 14496K, capacity 15841K, committed 15872K, reserved 1048576K
}
Event: 3568.557 GC heap before
{Heap before GC invocations=52 (full 4):
 PSYoungGen      total 446976K, used 421261K [0x00000000e0000000, 0x0000000100000000, 0x0000000100000000)
  eden space 380416K, 100% used [0x00000000e0000000,0x00000000f7380000,0x00000000f7380000)
  from space 66560K, 61% used [0x00000000f7380000,0x00000000f9b634a8,0x00000000fb480000)
  to   space 69120K, 0% used [0x00000000fbc80000,0x00000000fbc80000,0x0000000100000000)
 ParOldGen       total 436224K, used 287762K [0x00000000a0000000, 0x00000000baa00000, 0x00000000e0000000)
  object space 436224K, 65% used [0x00000000a0000000,0x00000000b1904b70,0x00000000baa00000)
 Metaspace       used 115463K, capacity 122962K, committed 123084K, reserved 1157120K
  class space    used 14500K, capacity 15842K, committed 15872K, reserved 1048576K
Event: 3568.581 GC heap after
Heap after GC invocations=52 (full 4):
 PSYoungGen      total 453120K, used 19435K [0x00000000e0000000, 0x00000000ffb80000, 0x0000000100000000)
  eden space 388608K, 0% used [0x00000000e0000000,0x00000000e0000000,0x00000000f7b80000)
  from space 64512K, 30% used [0x00000000fbc80000,0x00000000fcf7af38,0x00000000ffb80000)
  to   space 65536K, 0% used [0x00000000f7b80000,0x00000000f7b80000,0x00000000fbb80000)
 ParOldGen       total 436224K, used 287770K [0x00000000a0000000, 0x00000000baa00000, 0x00000000e0000000)
  object space 436224K, 65% used [0x00000000a0000000,0x00000000b1906b70,0x00000000baa00000)
 Metaspace       used 115463K, capacity 122962K, committed 123084K, reserved 1157120K
  class space    used 14500K, capacity 15842K, committed 15872K, reserved 1048576K
}
Event: 3697.143 GC heap before
{Heap before GC invocations=53 (full 4):
 PSYoungGen      total 453120K, used 408043K [0x00000000e0000000, 0x00000000ffb80000, 0x0000000100000000)
  eden space 388608K, 100% used [0x00000000e0000000,0x00000000f7b80000,0x00000000f7b80000)
  from space 64512K, 30% used [0x00000000fbc80000,0x00000000fcf7af38,0x00000000ffb80000)
  to   space 65536K, 0% used [0x00000000f7b80000,0x00000000f7b80000,0x00000000fbb80000)
 ParOldGen       total 436224K, used 287770K [0x00000000a0000000, 0x00000000baa00000, 0x00000000e0000000)
  object space 436224K, 65% used [0x00000000a0000000,0x00000000b1906b70,0x00000000baa00000)
 Metaspace       used 115588K, capacity 123052K, committed 123084K, reserved 1157120K
  class space    used 14503K, capacity 15845K, committed 15872K, reserved 1048576K
Event: 3697.153 GC heap after
Heap after GC invocations=53 (full 4):
 PSYoungGen      total 454144K, used 6361K [0x00000000e0000000, 0x00000000fff00000, 0x0000000100000000)
  eden space 388608K, 0% used [0x00000000e0000000,0x00000000e0000000,0x00000000f7b80000)
  from space 65536K, 9% used [0x00000000f7b80000,0x00000000f81b6750,0x00000000fbb80000)
  to   space 64512K, 0% used [0x00000000fc000000,0x00000000fc000000,0x00000000fff00000)
 ParOldGen       total 436224K, used 287778K [0x00000000a0000000, 0x00000000baa00000, 0x00000000e0000000)
  object space 436224K, 65% used [0x00000000a0000000,0x00000000b1908b70,0x00000000baa00000)
 Metaspace       used 115588K, capacity 123052K, committed 123084K, reserved 1157120K
  class space    used 14503K, capacity 15845K, committed 15872K, reserved 1048576K
}
Event: 3730.896 GC heap before
{Heap before GC invocations=54 (full 4):
 PSYoungGen      total 454144K, used 394969K [0x00000000e0000000, 0x00000000fff00000, 0x0000000100000000)
  eden space 388608K, 100% used [0x00000000e0000000,0x00000000f7b80000,0x00000000f7b80000)
  from space 65536K, 9% used [0x00000000f7b80000,0x00000000f81b6750,0x00000000fbb80000)
  to   space 64512K, 0% used [0x00000000fc000000,0x00000000fc000000,0x00000000fff00000)
 ParOldGen       total 436224K, used 287778K [0x00000000a0000000, 0x00000000baa00000, 0x00000000e0000000)
  object space 436224K, 65% used [0x00000000a0000000,0x00000000b1908b70,0x00000000baa00000)
 Metaspace       used 116258K, capacity 124680K, committed 124876K, reserved 1159168K
  class space    used 14639K, capacity 16095K, committed 16128K, reserved 1048576K
Event: 3730.904 GC heap after
Heap after GC invocations=54 (full 4):
 PSYoungGen      total 453632K, used 9376K [0x00000000e0000000, 0x00000000ffa80000, 0x0000000100000000)
  eden space 393728K, 0% used [0x00000000e0000000,0x00000000e0000000,0x00000000f8080000)
  from space 59904K, 15% used [0x00000000fc000000,0x00000000fc928070,0x00000000ffa80000)
  to   space 62464K, 0% used [0x00000000f8080000,0x00000000f8080000,0x00000000fbd80000)
 ParOldGen       total 436224K, used 287786K [0x00000000a0000000, 0x00000000baa00000, 0x00000000e0000000)
  object space 436224K, 65% used [0x00000000a0000000,0x00000000b190ab70,0x00000000baa00000)
 Metaspace       used 116258K, capacity 124680K, committed 124876K, reserved 1159168K
  class space    used 14639K, capacity 16095K, committed 16128K, reserved 1048576K
}
Event: 3807.460 GC heap before
{Heap before GC invocations=55 (full 4):
 PSYoungGen      total 453632K, used 403104K [0x00000000e0000000, 0x00000000ffa80000, 0x0000000100000000)
  eden space 393728K, 100% used [0x00000000e0000000,0x00000000f8080000,0x00000000f8080000)
  from space 59904K, 15% used [0x00000000fc000000,0x00000000fc928070,0x00000000ffa80000)
  to   space 62464K, 0% used [0x00000000f8080000,0x00000000f8080000,0x00000000fbd80000)
 ParOldGen       total 436224K, used 287786K [0x00000000a0000000, 0x00000000baa00000, 0x00000000e0000000)
  object space 436224K, 65% used [0x00000000a0000000,0x00000000b190ab70,0x00000000baa00000)
 Metaspace       used 116355K, capacity 124858K, committed 125132K, reserved 1159168K
  class space    used 14642K, capacity 16102K, committed 16128K, reserved 1048576K
Event: 3807.486 GC heap after
Heap after GC invocations=55 (full 4):
 PSYoungGen      total 456192K, used 12608K [0x00000000e0000000, 0x00000000ffa00000, 0x0000000100000000)
  eden space 393728K, 0% used [0x00000000e0000000,0x00000000e0000000,0x00000000f8080000)
  from space 62464K, 20% used [0x00000000f8080000,0x00000000f8cd0070,0x00000000fbd80000)
  to   space 59904K, 0% used [0x00000000fbf80000,0x00000000fbf80000,0x00000000ffa00000)
 ParOldGen       total 436224K, used 287786K [0x00000000a0000000, 0x00000000baa00000, 0x00000000e0000000)
  object space 436224K, 65% used [0x00000000a0000000,0x00000000b190ab70,0x00000000baa00000)
 Metaspace       used 116355K, capacity 124858K, committed 125132K, reserved 1159168K
  class space    used 14642K, capacity 16102K, committed 16128K, reserved 1048576K
}

